0 info it worked if it ends with ok
1 verbose cli [ '/usr/bin/node', '/bin/npm', 'run', 'compile' ]
2 info using npm@3.10.10
3 info using node@v6.11.0
4 verbose run-script [ 'precompile', 'compile', 'postcompile' ]
5 info lifecycle recipebox@1.0.0~precompile: recipebox@1.0.0
6 silly lifecycle recipebox@1.0.0~precompile: no script for precompile, continuing
7 info lifecycle recipebox@1.0.0~compile: recipebox@1.0.0
8 verbose lifecycle recipebox@1.0.0~compile: unsafe-perm in lifecycle true
9 verbose lifecycle recipebox@1.0.0~compile: PATH: /usr/lib/node_modules/npm/bin/node-gyp-bin:/home/user/Documents/freecodecamp/DataVis/recipebox/node_modules/.bin:/usr/bin:/usr/lib64/qt-3.3/bin:/usr/local/bin:/bin:/usr/bin:/usr/local/sbin:/usr/sbin:/sbin:/home/user/.local/bin:/home/user/bin
10 verbose lifecycle recipebox@1.0.0~compile: CWD: /home/user/Documents/freecodecamp/DataVis/recipebox
11 silly lifecycle recipebox@1.0.0~compile: Args: [ '-c', 'webpack' ]
12 silly lifecycle recipebox@1.0.0~compile: Returned: code: 2  signal: null
13 info lifecycle recipebox@1.0.0~compile: Failed to exec compile script
14 verbose stack Error: recipebox@1.0.0 compile: `webpack`
14 verbose stack Exit status 2
14 verbose stack     at EventEmitter.<anonymous> (/usr/lib/node_modules/npm/lib/utils/lifecycle.js:255:16)
14 verbose stack     at emitTwo (events.js:106:13)
14 verbose stack     at EventEmitter.emit (events.js:191:7)
14 verbose stack     at ChildProcess.<anonymous> (/usr/lib/node_modules/npm/lib/utils/spawn.js:40:14)
14 verbose stack     at emitTwo (events.js:106:13)
14 verbose stack     at ChildProcess.emit (events.js:191:7)
14 verbose stack     at maybeClose (internal/child_process.js:891:16)
14 verbose stack     at Process.ChildProcess._handle.onexit (internal/child_process.js:226:5)
15 verbose pkgid recipebox@1.0.0
16 verbose cwd /home/user/Documents/freecodecamp/DataVis/recipebox
17 error Linux 4.11.7-200.fc25.x86_64
18 error argv "/usr/bin/node" "/bin/npm" "run" "compile"
19 error node v6.11.0
20 error npm  v3.10.10
21 error code ELIFECYCLE
22 error recipebox@1.0.0 compile: `webpack`
22 error Exit status 2
23 error Failed at the recipebox@1.0.0 compile script 'webpack'.
23 error Make sure you have the latest version of node.js and npm installed.
23 error If you do, this is most likely a problem with the recipebox package,
23 error not with npm itself.
23 error Tell the author that this fails on your system:
23 error     webpack
23 error You can get information on how to open an issue for this project with:
23 error     npm bugs recipebox
23 error Or if that isn't available, you can get their info via:
23 error     npm owner ls recipebox
23 error There is likely additional logging output above.
24 verbose exit [ 1, true ]
